[2023-02-19 16:00:21,084] INFO [Controller id=1 epoch=1] Sending UpdateMetadata request to brokers Set(1) for 0 partitions (state.change.logger)
[2023-02-19 16:00:29,329] INFO [Controller id=1 epoch=1] Sending UpdateMetadata request to brokers Set(1) for 0 partitions (state.change.logger)
[2023-02-19 16:00:29,331] INFO [Controller id=1 epoch=1] Sending UpdateMetadata request to brokers Set(2) for 0 partitions (state.change.logger)
[2023-02-19 16:09:29,911] INFO [Controller id=1 epoch=1] Changed partition customer_topic-1 state from NonExistentPartition to NewPartition with assigned replicas 1,2 (state.change.logger)
[2023-02-19 16:09:29,911] INFO [Controller id=1 epoch=1] Changed partition customer_topic-0 state from NonExistentPartition to NewPartition with assigned replicas 2,1 (state.change.logger)
[2023-02-19 16:09:29,911] INFO [Controller id=1 epoch=1] Sending UpdateMetadata request to brokers Set() for 0 partitions (state.change.logger)
[2023-02-19 16:09:29,915] INFO [Controller id=1 epoch=1] Sending UpdateMetadata request to brokers Set() for 0 partitions (state.change.logger)
[2023-02-19 16:09:29,947] INFO [Controller id=1 epoch=1] Changed partition customer_topic-1 from NewPartition to OnlinePartition with state LeaderAndIsr(leader=1, leaderEpoch=0, isr=List(1, 2), leaderRecoveryState=RECOVERED, partitionEpoch=0) (state.change.logger)
[2023-02-19 16:09:29,947] INFO [Controller id=1 epoch=1] Changed partition customer_topic-0 from NewPartition to OnlinePartition with state LeaderAndIsr(leader=2, leaderEpoch=0, isr=List(2, 1), leaderRecoveryState=RECOVERED, partitionEpoch=0) (state.change.logger)
[2023-02-19 16:09:29,950] INFO [Controller id=1 epoch=1] Sending LeaderAndIsr request to broker 2 with 1 become-leader and 1 become-follower partitions (state.change.logger)
[2023-02-19 16:09:29,951] INFO [Controller id=1 epoch=1] Sending LeaderAndIsr request to broker 1 with 1 become-leader and 1 become-follower partitions (state.change.logger)
[2023-02-19 16:09:29,951] INFO [Controller id=1 epoch=1] Sending UpdateMetadata request to brokers Set(1, 2) for 2 partitions (state.change.logger)
[2023-02-19 16:09:29,952] INFO [Controller id=1 epoch=1] Sending UpdateMetadata request to brokers Set() for 0 partitions (state.change.logger)
[2023-02-19 16:09:29,955] INFO [Broker id=1] Handling LeaderAndIsr request correlationId 2 from controller 1 for 2 partitions (state.change.logger)
[2023-02-19 16:09:29,956] INFO [Broker id=2] Handling LeaderAndIsr request correlationId 1 from controller 1 for 2 partitions (state.change.logger)
[2023-02-19 16:09:29,973] INFO [Broker id=1] Stopped fetchers as part of LeaderAndIsr request correlationId 2 from controller 1 epoch 1 as part of the become-leader transition for 1 partitions (state.change.logger)
[2023-02-19 16:09:29,985] INFO [Broker id=2] Stopped fetchers as part of LeaderAndIsr request correlationId 1 from controller 1 epoch 1 as part of the become-leader transition for 1 partitions (state.change.logger)
[2023-02-19 16:09:30,085] INFO [Broker id=1] Leader customer_topic-1 with topic id Some(SKobTrCqThmGFicxmXHtKQ) starts at leader epoch 0 from offset 0 with partition epoch 0, high watermark 0, ISR [1,2], adding replicas [] and removing replicas []. Previous leader epoch was -1. (state.change.logger)
[2023-02-19 16:09:30,085] INFO [Broker id=2] Leader customer_topic-0 with topic id Some(SKobTrCqThmGFicxmXHtKQ) starts at leader epoch 0 from offset 0 with partition epoch 0, high watermark 0, ISR [2,1], adding replicas [] and removing replicas []. Previous leader epoch was -1. (state.change.logger)
[2023-02-19 16:09:30,129] INFO [Broker id=1] Follower customer_topic-0 starts at leader epoch 0 from offset 0 with partition epoch 0 and high watermark 0. Current leader is 2. Previous leader epoch was -1. (state.change.logger)
[2023-02-19 16:09:30,130] INFO [Broker id=1] Stopped fetchers as part of become-follower request from controller 1 epoch 1 with correlation id 2 for 1 partitions (state.change.logger)
[2023-02-19 16:09:30,136] INFO [Broker id=2] Follower customer_topic-1 starts at leader epoch 0 from offset 0 with partition epoch 0 and high watermark 0. Current leader is 1. Previous leader epoch was -1. (state.change.logger)
[2023-02-19 16:09:30,137] INFO [Broker id=2] Stopped fetchers as part of become-follower request from controller 1 epoch 1 with correlation id 1 for 1 partitions (state.change.logger)
[2023-02-19 16:09:30,184] INFO [Broker id=1] Finished LeaderAndIsr request in 230ms correlationId 2 from controller 1 for 2 partitions (state.change.logger)
[2023-02-19 16:09:30,194] INFO [Broker id=1] Add 2 partitions and deleted 0 partitions from metadata cache in response to UpdateMetadata request sent by controller 1 epoch 1 with correlation id 3 (state.change.logger)
[2023-02-19 16:09:30,198] INFO [Broker id=2] Finished LeaderAndIsr request in 242ms correlationId 1 from controller 1 for 2 partitions (state.change.logger)
[2023-02-19 16:09:30,211] INFO [Broker id=2] Add 2 partitions and deleted 0 partitions from metadata cache in response to UpdateMetadata request sent by controller 1 epoch 1 with correlation id 2 (state.change.logger)
[2023-02-19 16:37:19,501] INFO [Controller id=2 epoch=2] Sending UpdateMetadata request to brokers Set(2) for 0 partitions (state.change.logger)
[2023-02-19 16:37:19,553] INFO [Controller id=2 epoch=2] Sending LeaderAndIsr request to broker 2 with 1 become-leader and 1 become-follower partitions (state.change.logger)
[2023-02-19 16:37:19,556] INFO [Controller id=2 epoch=2] Sending UpdateMetadata request to brokers Set(2) for 2 partitions (state.change.logger)
[2023-02-19 16:37:19,586] INFO [Controller id=2 epoch=2] Partition customer_topic-0 state changed to (Leader:2,ISR:2,LeaderRecoveryState:RECOVERED,LeaderEpoch:1,ZkVersion:1,ControllerEpoch:2) after removing replica 1 from the ISR as part of transition to OfflineReplica (state.change.logger)
[2023-02-19 16:37:19,589] INFO [Controller id=2 epoch=2] Partition customer_topic-1 state changed to (Leader:-1,ISR:2,LeaderRecoveryState:RECOVERED,LeaderEpoch:1,ZkVersion:1,ControllerEpoch:2) after removing replica 1 from the ISR as part of transition to OfflineReplica (state.change.logger)
[2023-02-19 16:37:19,592] INFO [Controller id=2 epoch=2] Sending LeaderAndIsr request to broker 2 with 1 become-leader and 1 become-follower partitions (state.change.logger)
[2023-02-19 16:37:19,593] INFO [Controller id=2 epoch=2] Sending UpdateMetadata request to brokers Set(2) for 2 partitions (state.change.logger)
[2023-02-19 16:37:19,624] INFO [Controller id=2 epoch=2] Changed partition customer_topic-1 from OfflinePartition to OnlinePartition with state LeaderAndIsr(leader=2, leaderEpoch=2, isr=List(2), leaderRecoveryState=RECOVERED, partitionEpoch=2) (state.change.logger)
[2023-02-19 16:37:19,625] INFO [Controller id=2 epoch=2] Sending LeaderAndIsr request to broker 2 with 1 become-leader and 0 become-follower partitions (state.change.logger)
[2023-02-19 16:37:19,625] INFO [Controller id=2 epoch=2] Sending UpdateMetadata request to brokers Set(2) for 1 partitions (state.change.logger)
[2023-02-19 16:37:19,635] INFO [Broker id=2] Handling LeaderAndIsr request correlationId 1 from controller 2 for 2 partitions (state.change.logger)
[2023-02-19 16:37:19,656] INFO [Broker id=2] Stopped fetchers as part of LeaderAndIsr request correlationId 1 from controller 2 epoch 2 as part of the become-leader transition for 1 partitions (state.change.logger)
[2023-02-19 16:37:19,667] INFO [Broker id=2] Leader customer_topic-0 with topic id Some(SKobTrCqThmGFicxmXHtKQ) starts at leader epoch 0 from offset 0 with partition epoch 0, high watermark 0, ISR [2,1], adding replicas [] and removing replicas []. Previous leader epoch was -1. (state.change.logger)
[2023-02-19 16:37:19,685] ERROR [Broker id=2] Received LeaderAndIsrRequest with correlation id 1 from controller 2 epoch 2 for partition customer_topic-1 (last update controller epoch 1) but cannot become follower since the new leader 1 is unavailable. (state.change.logger)
[2023-02-19 16:37:19,686] INFO [Broker id=2] Stopped fetchers as part of become-follower request from controller 2 epoch 2 with correlation id 1 for 0 partitions (state.change.logger)
[2023-02-19 16:37:19,698] INFO [Broker id=2] Finished LeaderAndIsr request in 64ms correlationId 1 from controller 2 for 2 partitions (state.change.logger)
[2023-02-19 16:37:19,706] INFO [Broker id=2] Add 2 partitions and deleted 0 partitions from metadata cache in response to UpdateMetadata request sent by controller 2 epoch 2 with correlation id 2 (state.change.logger)
[2023-02-19 16:37:19,708] INFO [Broker id=2] Handling LeaderAndIsr request correlationId 3 from controller 2 for 2 partitions (state.change.logger)
[2023-02-19 16:37:19,708] INFO [Broker id=2] Stopped fetchers as part of LeaderAndIsr request correlationId 3 from controller 2 epoch 2 as part of the become-leader transition for 1 partitions (state.change.logger)
[2023-02-19 16:37:19,709] INFO [Broker id=2] Leader customer_topic-0 with topic id Some(SKobTrCqThmGFicxmXHtKQ) starts at leader epoch 1 from offset 0 with partition epoch 1, high watermark 0, ISR [2], adding replicas [] and removing replicas []. Previous leader epoch was 0. (state.change.logger)
[2023-02-19 16:37:19,717] ERROR [Broker id=2] Received LeaderAndIsrRequest with correlation id 3 from controller 2 epoch 2 for partition customer_topic-1 (last update controller epoch 2) but cannot become follower since the new leader -1 is unavailable. (state.change.logger)
[2023-02-19 16:37:19,717] INFO [Broker id=2] Stopped fetchers as part of become-follower request from controller 2 epoch 2 with correlation id 3 for 0 partitions (state.change.logger)
[2023-02-19 16:37:19,718] INFO [Broker id=2] Finished LeaderAndIsr request in 10ms correlationId 3 from controller 2 for 2 partitions (state.change.logger)
[2023-02-19 16:37:19,720] INFO [Broker id=2] Add 2 partitions and deleted 0 partitions from metadata cache in response to UpdateMetadata request sent by controller 2 epoch 2 with correlation id 4 (state.change.logger)
[2023-02-19 16:37:19,721] INFO [Broker id=2] Handling LeaderAndIsr request correlationId 5 from controller 2 for 1 partitions (state.change.logger)
[2023-02-19 16:37:19,721] INFO [Broker id=2] Stopped fetchers as part of LeaderAndIsr request correlationId 5 from controller 2 epoch 2 as part of the become-leader transition for 1 partitions (state.change.logger)
[2023-02-19 16:37:19,721] INFO [Broker id=2] Leader customer_topic-1 with topic id Some(SKobTrCqThmGFicxmXHtKQ) starts at leader epoch 2 from offset 0 with partition epoch 2, high watermark 0, ISR [2], adding replicas [] and removing replicas []. Previous leader epoch was -1. (state.change.logger)
[2023-02-19 16:37:19,731] INFO [Broker id=2] Finished LeaderAndIsr request in 9ms correlationId 5 from controller 2 for 1 partitions (state.change.logger)
[2023-02-19 16:37:19,732] INFO [Broker id=2] Add 1 partitions and deleted 0 partitions from metadata cache in response to UpdateMetadata request sent by controller 2 epoch 2 with correlation id 6 (state.change.logger)
[2023-02-19 16:40:11,626] INFO [Controller id=1 epoch=3] Sending UpdateMetadata request to brokers Set(1) for 0 partitions (state.change.logger)
[2023-02-19 16:40:11,694] INFO [Controller id=1 epoch=3] Sending LeaderAndIsr request to broker 1 with 0 become-leader and 2 become-follower partitions (state.change.logger)
[2023-02-19 16:40:11,697] INFO [Controller id=1 epoch=3] Sending UpdateMetadata request to brokers Set(1) for 2 partitions (state.change.logger)
[2023-02-19 16:40:11,736] INFO [Controller id=1 epoch=3] Partition customer_topic-0 state changed to (Leader:-1,ISR:2,LeaderRecoveryState:RECOVERED,LeaderEpoch:2,ZkVersion:2,ControllerEpoch:3) after removing replica 2 from the ISR as part of transition to OfflineReplica (state.change.logger)
[2023-02-19 16:40:11,737] INFO [Controller id=1 epoch=3] Partition customer_topic-1 state changed to (Leader:-1,ISR:2,LeaderRecoveryState:RECOVERED,LeaderEpoch:3,ZkVersion:3,ControllerEpoch:3) after removing replica 2 from the ISR as part of transition to OfflineReplica (state.change.logger)
[2023-02-19 16:40:11,739] INFO [Controller id=1 epoch=3] Sending LeaderAndIsr request to broker 1 with 0 become-leader and 2 become-follower partitions (state.change.logger)
[2023-02-19 16:40:11,740] INFO [Controller id=1 epoch=3] Sending UpdateMetadata request to brokers Set(1) for 2 partitions (state.change.logger)
[2023-02-19 16:40:11,790] INFO [Broker id=1] Handling LeaderAndIsr request correlationId 1 from controller 1 for 2 partitions (state.change.logger)
[2023-02-19 16:40:11,799] ERROR [Controller id=1 epoch=3] Controller 1 epoch 3 failed to change state for partition customer_topic-0 from OfflinePartition to OnlinePartition (state.change.logger)
kafka.common.StateChangeFailedException: Failed to elect leader for partition customer_topic-0 under strategy OfflinePartitionLeaderElectionStrategy(false)
	at kafka.controller.ZkPartitionStateMachine.$anonfun$doElectLeaderForPartitions$7(PartitionStateMachine.scala:433)
	at scala.collection.mutable.ResizableArray.foreach(ResizableArray.scala:62)
	at scala.collection.mutable.ResizableArray.foreach$(ResizableArray.scala:55)
	at scala.collection.mutable.ArrayBuffer.foreach(ArrayBuffer.scala:49)
	at kafka.controller.ZkPartitionStateMachine.doElectLeaderForPartitions(PartitionStateMachine.scala:430)
	at kafka.controller.ZkPartitionStateMachine.electLeaderForPartitions(PartitionStateMachine.scala:336)
	at kafka.controller.ZkPartitionStateMachine.doHandleStateChanges(PartitionStateMachine.scala:242)
	at kafka.controller.ZkPartitionStateMachine.handleStateChanges(PartitionStateMachine.scala:162)
	at kafka.controller.PartitionStateMachine.triggerOnlineStateChangeForPartitions(PartitionStateMachine.scala:76)
	at kafka.controller.PartitionStateMachine.triggerOnlinePartitionStateChange(PartitionStateMachine.scala:61)
	at kafka.controller.PartitionStateMachine.startup(PartitionStateMachine.scala:44)
	at kafka.controller.KafkaController.onControllerFailover(KafkaController.scala:278)
	at kafka.controller.KafkaController.elect(KafkaController.scala:1525)
	at kafka.controller.KafkaController.processStartup(KafkaController.scala:1432)
	at kafka.controller.KafkaController.process(KafkaController.scala:2606)
	at kafka.controller.QueuedEvent.process(ControllerEventManager.scala:53)
	at kafka.controller.ControllerEventManager$ControllerEventThread.process$1(ControllerEventManager.scala:131)
	at kafka.controller.ControllerEventManager$ControllerEventThread.$anonfun$doWork$1(ControllerEventManager.scala:134)
	at kafka.controller.ControllerEventManager$ControllerEventThread.$anonfun$doWork$1$adapted(ControllerEventManager.scala:134)
	at com.yammer.metrics.core.Timer.time(Timer.java:91)
	at kafka.controller.ControllerEventManager$ControllerEventThread.doWork(ControllerEventManager.scala:134)
	at kafka.utils.ShutdownableThread.run(ShutdownableThread.scala:96)
[2023-02-19 16:40:11,801] ERROR [Controller id=1 epoch=3] Controller 1 epoch 3 failed to change state for partition customer_topic-1 from OfflinePartition to OnlinePartition (state.change.logger)
kafka.common.StateChangeFailedException: Failed to elect leader for partition customer_topic-1 under strategy OfflinePartitionLeaderElectionStrategy(false)
	at kafka.controller.ZkPartitionStateMachine.$anonfun$doElectLeaderForPartitions$7(PartitionStateMachine.scala:433)
	at scala.collection.mutable.ResizableArray.foreach(ResizableArray.scala:62)
	at scala.collection.mutable.ResizableArray.foreach$(ResizableArray.scala:55)
	at scala.collection.mutable.ArrayBuffer.foreach(ArrayBuffer.scala:49)
	at kafka.controller.ZkPartitionStateMachine.doElectLeaderForPartitions(PartitionStateMachine.scala:430)
	at kafka.controller.ZkPartitionStateMachine.electLeaderForPartitions(PartitionStateMachine.scala:336)
	at kafka.controller.ZkPartitionStateMachine.doHandleStateChanges(PartitionStateMachine.scala:242)
	at kafka.controller.ZkPartitionStateMachine.handleStateChanges(PartitionStateMachine.scala:162)
	at kafka.controller.PartitionStateMachine.triggerOnlineStateChangeForPartitions(PartitionStateMachine.scala:76)
	at kafka.controller.PartitionStateMachine.triggerOnlinePartitionStateChange(PartitionStateMachine.scala:61)
	at kafka.controller.PartitionStateMachine.startup(PartitionStateMachine.scala:44)
	at kafka.controller.KafkaController.onControllerFailover(KafkaController.scala:278)
	at kafka.controller.KafkaController.elect(KafkaController.scala:1525)
	at kafka.controller.KafkaController.processStartup(KafkaController.scala:1432)
	at kafka.controller.KafkaController.process(KafkaController.scala:2606)
	at kafka.controller.QueuedEvent.process(ControllerEventManager.scala:53)
	at kafka.controller.ControllerEventManager$ControllerEventThread.process$1(ControllerEventManager.scala:131)
	at kafka.controller.ControllerEventManager$ControllerEventThread.$anonfun$doWork$1(ControllerEventManager.scala:134)
	at kafka.controller.ControllerEventManager$ControllerEventThread.$anonfun$doWork$1$adapted(ControllerEventManager.scala:134)
	at com.yammer.metrics.core.Timer.time(Timer.java:91)
	at kafka.controller.ControllerEventManager$ControllerEventThread.doWork(ControllerEventManager.scala:134)
	at kafka.utils.ShutdownableThread.run(ShutdownableThread.scala:96)
[2023-02-19 16:40:11,803] INFO [Controller id=1 epoch=3] Sending UpdateMetadata request to brokers Set() for 0 partitions (state.change.logger)
[2023-02-19 16:40:11,820] ERROR [Broker id=1] Received LeaderAndIsrRequest with correlation id 1 from controller 1 epoch 3 for partition customer_topic-0 (last update controller epoch 2) but cannot become follower since the new leader 2 is unavailable. (state.change.logger)
[2023-02-19 16:40:11,827] ERROR [Broker id=1] Received LeaderAndIsrRequest with correlation id 1 from controller 1 epoch 3 for partition customer_topic-1 (last update controller epoch 2) but cannot become follower since the new leader 2 is unavailable. (state.change.logger)
[2023-02-19 16:40:11,831] INFO [Broker id=1] Stopped fetchers as part of become-follower request from controller 1 epoch 3 with correlation id 1 for 0 partitions (state.change.logger)
[2023-02-19 16:40:11,849] INFO [Broker id=1] Finished LeaderAndIsr request in 61ms correlationId 1 from controller 1 for 2 partitions (state.change.logger)
[2023-02-19 16:40:11,864] INFO [Broker id=1] Add 2 partitions and deleted 0 partitions from metadata cache in response to UpdateMetadata request sent by controller 1 epoch 3 with correlation id 2 (state.change.logger)
[2023-02-19 16:40:11,866] INFO [Broker id=1] Handling LeaderAndIsr request correlationId 3 from controller 1 for 2 partitions (state.change.logger)
[2023-02-19 16:40:11,867] ERROR [Broker id=1] Received LeaderAndIsrRequest with correlation id 3 from controller 1 epoch 3 for partition customer_topic-0 (last update controller epoch 3) but cannot become follower since the new leader -1 is unavailable. (state.change.logger)
[2023-02-19 16:40:11,867] ERROR [Broker id=1] Received LeaderAndIsrRequest with correlation id 3 from controller 1 epoch 3 for partition customer_topic-1 (last update controller epoch 3) but cannot become follower since the new leader -1 is unavailable. (state.change.logger)
[2023-02-19 16:40:11,867] INFO [Broker id=1] Stopped fetchers as part of become-follower request from controller 1 epoch 3 with correlation id 3 for 0 partitions (state.change.logger)
[2023-02-19 16:40:11,868] INFO [Broker id=1] Finished LeaderAndIsr request in 2ms correlationId 3 from controller 1 for 2 partitions (state.change.logger)
[2023-02-19 16:40:11,870] INFO [Broker id=1] Add 2 partitions and deleted 0 partitions from metadata cache in response to UpdateMetadata request sent by controller 1 epoch 3 with correlation id 4 (state.change.logger)
[2023-02-19 16:40:23,265] INFO [Controller id=1 epoch=3] Sending UpdateMetadata request to brokers Set(1) for 0 partitions (state.change.logger)
[2023-02-19 16:40:23,266] INFO [Controller id=1 epoch=3] Sending UpdateMetadata request to brokers Set(2) for 2 partitions (state.change.logger)
[2023-02-19 16:40:23,271] INFO [Controller id=1 epoch=3] Sending LeaderAndIsr request to broker 2 with 0 become-leader and 2 become-follower partitions (state.change.logger)
[2023-02-19 16:40:23,272] INFO [Controller id=1 epoch=3] Sending UpdateMetadata request to brokers Set(1, 2) for 2 partitions (state.change.logger)
[2023-02-19 16:40:23,274] INFO [Broker id=1] Add 2 partitions and deleted 0 partitions from metadata cache in response to UpdateMetadata request sent by controller 1 epoch 3 with correlation id 6 (state.change.logger)
[2023-02-19 16:40:23,295] INFO [Controller id=1 epoch=3] Changed partition customer_topic-0 from OfflinePartition to OnlinePartition with state LeaderAndIsr(leader=2, leaderEpoch=3, isr=List(2), leaderRecoveryState=RECOVERED, partitionEpoch=3) (state.change.logger)
[2023-02-19 16:40:23,295] INFO [Controller id=1 epoch=3] Changed partition customer_topic-1 from OfflinePartition to OnlinePartition with state LeaderAndIsr(leader=2, leaderEpoch=4, isr=List(2), leaderRecoveryState=RECOVERED, partitionEpoch=4) (state.change.logger)
[2023-02-19 16:40:23,296] INFO [Controller id=1 epoch=3] Sending LeaderAndIsr request to broker 2 with 2 become-leader and 0 become-follower partitions (state.change.logger)
[2023-02-19 16:40:23,296] INFO [Controller id=1 epoch=3] Sending LeaderAndIsr request to broker 1 with 0 become-leader and 2 become-follower partitions (state.change.logger)
[2023-02-19 16:40:23,296] INFO [Controller id=1 epoch=3] Sending UpdateMetadata request to brokers Set(1, 2) for 2 partitions (state.change.logger)
[2023-02-19 16:40:23,297] INFO [Broker id=1] Handling LeaderAndIsr request correlationId 7 from controller 1 for 2 partitions (state.change.logger)
[2023-02-19 16:40:23,307] INFO [Broker id=1] Follower customer_topic-0 starts at leader epoch 3 from offset 0 with partition epoch 3 and high watermark 0. Current leader is 2. Previous leader epoch was -1. (state.change.logger)
[2023-02-19 16:40:23,307] INFO [Broker id=1] Follower customer_topic-1 starts at leader epoch 4 from offset 0 with partition epoch 4 and high watermark 0. Current leader is 2. Previous leader epoch was -1. (state.change.logger)
[2023-02-19 16:40:23,309] INFO [Broker id=1] Stopped fetchers as part of become-follower request from controller 1 epoch 3 with correlation id 7 for 2 partitions (state.change.logger)
[2023-02-19 16:40:23,347] INFO [Broker id=1] Finished LeaderAndIsr request in 50ms correlationId 7 from controller 1 for 2 partitions (state.change.logger)
[2023-02-19 16:40:23,355] INFO [Broker id=1] Add 2 partitions and deleted 0 partitions from metadata cache in response to UpdateMetadata request sent by controller 1 epoch 3 with correlation id 8 (state.change.logger)
[2023-02-19 16:40:23,533] INFO [Broker id=2] Add 2 partitions and deleted 0 partitions from metadata cache in response to UpdateMetadata request sent by controller 1 epoch 3 with correlation id 0 (state.change.logger)
[2023-02-19 16:40:23,549] INFO [Broker id=2] Handling LeaderAndIsr request correlationId 1 from controller 1 for 2 partitions (state.change.logger)
[2023-02-19 16:40:23,564] ERROR [Broker id=2] Received LeaderAndIsrRequest with correlation id 1 from controller 1 epoch 3 for partition customer_topic-0 (last update controller epoch 3) but cannot become follower since the new leader -1 is unavailable. (state.change.logger)
[2023-02-19 16:40:23,570] ERROR [Broker id=2] Received LeaderAndIsrRequest with correlation id 1 from controller 1 epoch 3 for partition customer_topic-1 (last update controller epoch 3) but cannot become follower since the new leader -1 is unavailable. (state.change.logger)
[2023-02-19 16:40:23,572] INFO [Broker id=2] Stopped fetchers as part of become-follower request from controller 1 epoch 3 with correlation id 1 for 0 partitions (state.change.logger)
[2023-02-19 16:40:23,579] INFO [Broker id=2] Finished LeaderAndIsr request in 31ms correlationId 1 from controller 1 for 2 partitions (state.change.logger)
[2023-02-19 16:40:23,584] INFO [Broker id=2] Add 2 partitions and deleted 0 partitions from metadata cache in response to UpdateMetadata request sent by controller 1 epoch 3 with correlation id 2 (state.change.logger)
[2023-02-19 16:40:23,586] INFO [Broker id=2] Handling LeaderAndIsr request correlationId 3 from controller 1 for 2 partitions (state.change.logger)
[2023-02-19 16:40:23,590] INFO [Broker id=2] Stopped fetchers as part of LeaderAndIsr request correlationId 3 from controller 1 epoch 3 as part of the become-leader transition for 2 partitions (state.change.logger)
[2023-02-19 16:40:23,597] INFO [Broker id=2] Leader customer_topic-0 with topic id Some(SKobTrCqThmGFicxmXHtKQ) starts at leader epoch 3 from offset 0 with partition epoch 3, high watermark 0, ISR [2], adding replicas [] and removing replicas []. Previous leader epoch was -1. (state.change.logger)
[2023-02-19 16:40:23,613] INFO [Broker id=2] Leader customer_topic-1 with topic id Some(SKobTrCqThmGFicxmXHtKQ) starts at leader epoch 4 from offset 0 with partition epoch 4, high watermark 0, ISR [2], adding replicas [] and removing replicas []. Previous leader epoch was -1. (state.change.logger)
[2023-02-19 16:40:23,623] INFO [Broker id=2] Finished LeaderAndIsr request in 37ms correlationId 3 from controller 1 for 2 partitions (state.change.logger)
[2023-02-19 16:40:23,625] INFO [Broker id=2] Add 2 partitions and deleted 0 partitions from metadata cache in response to UpdateMetadata request sent by controller 1 epoch 3 with correlation id 4 (state.change.logger)
[2023-02-19 16:40:24,637] INFO [Controller id=1 epoch=3] Sending UpdateMetadata request to brokers Set(1, 2) for 1 partitions (state.change.logger)
[2023-02-19 16:40:24,639] INFO [Broker id=1] Add 1 partitions and deleted 0 partitions from metadata cache in response to UpdateMetadata request sent by controller 1 epoch 3 with correlation id 9 (state.change.logger)
[2023-02-19 16:40:24,639] INFO [Broker id=2] Add 1 partitions and deleted 0 partitions from metadata cache in response to UpdateMetadata request sent by controller 1 epoch 3 with correlation id 5 (state.change.logger)
[2023-02-19 16:40:24,657] INFO [Controller id=1 epoch=3] Sending UpdateMetadata request to brokers Set(1, 2) for 1 partitions (state.change.logger)
[2023-02-19 16:40:24,659] INFO [Broker id=2] Add 1 partitions and deleted 0 partitions from metadata cache in response to UpdateMetadata request sent by controller 1 epoch 3 with correlation id 6 (state.change.logger)
[2023-02-19 16:40:24,662] INFO [Broker id=1] Add 1 partitions and deleted 0 partitions from metadata cache in response to UpdateMetadata request sent by controller 1 epoch 3 with correlation id 10 (state.change.logger)
[2023-02-19 16:40:26,970] INFO [Controller id=1 epoch=3] Changed partition product_topic-1 state from NonExistentPartition to NewPartition with assigned replicas 1,2 (state.change.logger)
[2023-02-19 16:40:26,970] INFO [Controller id=1 epoch=3] Changed partition product_topic-0 state from NonExistentPartition to NewPartition with assigned replicas 2,1 (state.change.logger)
[2023-02-19 16:40:26,970] INFO [Controller id=1 epoch=3] Sending UpdateMetadata request to brokers Set() for 0 partitions (state.change.logger)
[2023-02-19 16:40:26,971] INFO [Controller id=1 epoch=3] Sending UpdateMetadata request to brokers Set() for 0 partitions (state.change.logger)
[2023-02-19 16:40:26,990] INFO [Controller id=1 epoch=3] Changed partition product_topic-1 from NewPartition to OnlinePartition with state LeaderAndIsr(leader=1, leaderEpoch=0, isr=List(1, 2), leaderRecoveryState=RECOVERED, partitionEpoch=0) (state.change.logger)
[2023-02-19 16:40:26,990] INFO [Controller id=1 epoch=3] Changed partition product_topic-0 from NewPartition to OnlinePartition with state LeaderAndIsr(leader=2, leaderEpoch=0, isr=List(2, 1), leaderRecoveryState=RECOVERED, partitionEpoch=0) (state.change.logger)
[2023-02-19 16:40:26,991] INFO [Controller id=1 epoch=3] Sending LeaderAndIsr request to broker 2 with 1 become-leader and 1 become-follower partitions (state.change.logger)
[2023-02-19 16:40:26,991] INFO [Controller id=1 epoch=3] Sending LeaderAndIsr request to broker 1 with 1 become-leader and 1 become-follower partitions (state.change.logger)
[2023-02-19 16:40:26,991] INFO [Controller id=1 epoch=3] Sending UpdateMetadata request to brokers Set(1, 2) for 2 partitions (state.change.logger)
[2023-02-19 16:40:26,992] INFO [Controller id=1 epoch=3] Sending UpdateMetadata request to brokers Set() for 0 partitions (state.change.logger)
[2023-02-19 16:40:26,992] INFO [Broker id=1] Handling LeaderAndIsr request correlationId 11 from controller 1 for 2 partitions (state.change.logger)
[2023-02-19 16:40:26,992] INFO [Broker id=2] Handling LeaderAndIsr request correlationId 7 from controller 1 for 2 partitions (state.change.logger)
[2023-02-19 16:40:26,994] INFO [Broker id=2] Stopped fetchers as part of LeaderAndIsr request correlationId 7 from controller 1 epoch 3 as part of the become-leader transition for 1 partitions (state.change.logger)
[2023-02-19 16:40:26,995] INFO [Broker id=1] Stopped fetchers as part of LeaderAndIsr request correlationId 11 from controller 1 epoch 3 as part of the become-leader transition for 1 partitions (state.change.logger)
[2023-02-19 16:40:27,009] INFO [Broker id=2] Leader product_topic-0 with topic id Some(CI0S6rqcScKBkuU9O6bK2Q) starts at leader epoch 0 from offset 0 with partition epoch 0, high watermark 0, ISR [2,1], adding replicas [] and removing replicas []. Previous leader epoch was -1. (state.change.logger)
[2023-02-19 16:40:27,023] INFO [Broker id=1] Leader product_topic-1 with topic id Some(CI0S6rqcScKBkuU9O6bK2Q) starts at leader epoch 0 from offset 0 with partition epoch 0, high watermark 0, ISR [1,2], adding replicas [] and removing replicas []. Previous leader epoch was -1. (state.change.logger)
[2023-02-19 16:40:27,048] INFO [Broker id=2] Follower product_topic-1 starts at leader epoch 0 from offset 0 with partition epoch 0 and high watermark 0. Current leader is 1. Previous leader epoch was -1. (state.change.logger)
[2023-02-19 16:40:27,048] INFO [Broker id=2] Stopped fetchers as part of become-follower request from controller 1 epoch 3 with correlation id 7 for 1 partitions (state.change.logger)
[2023-02-19 16:40:27,059] INFO [Broker id=1] Follower product_topic-0 starts at leader epoch 0 from offset 0 with partition epoch 0 and high watermark 0. Current leader is 2. Previous leader epoch was -1. (state.change.logger)
[2023-02-19 16:40:27,059] INFO [Broker id=1] Stopped fetchers as part of become-follower request from controller 1 epoch 3 with correlation id 11 for 1 partitions (state.change.logger)
[2023-02-19 16:40:27,060] INFO [Broker id=1] Finished LeaderAndIsr request in 68ms correlationId 11 from controller 1 for 2 partitions (state.change.logger)
[2023-02-19 16:40:27,062] INFO [Broker id=1] Add 2 partitions and deleted 0 partitions from metadata cache in response to UpdateMetadata request sent by controller 1 epoch 3 with correlation id 12 (state.change.logger)
[2023-02-19 16:40:27,069] INFO [Broker id=2] Finished LeaderAndIsr request in 77ms correlationId 7 from controller 1 for 2 partitions (state.change.logger)
[2023-02-19 16:40:27,071] INFO [Broker id=2] Add 2 partitions and deleted 0 partitions from metadata cache in response to UpdateMetadata request sent by controller 1 epoch 3 with correlation id 8 (state.change.logger)
[2023-02-19 16:45:16,853] INFO [Controller id=1 epoch=3] Changed partition customer_topic-1 from OnlinePartition to OnlinePartition with state LeaderAndIsr(leader=1, leaderEpoch=5, isr=List(2, 1), leaderRecoveryState=RECOVERED, partitionEpoch=6) (state.change.logger)
[2023-02-19 16:45:16,853] INFO [Controller id=1 epoch=3] Sending LeaderAndIsr request to broker 2 with 0 become-leader and 1 become-follower partitions (state.change.logger)
[2023-02-19 16:45:16,853] INFO [Controller id=1 epoch=3] Sending LeaderAndIsr request to broker 1 with 1 become-leader and 0 become-follower partitions (state.change.logger)
[2023-02-19 16:45:16,853] INFO [Controller id=1 epoch=3] Sending UpdateMetadata request to brokers Set(1, 2) for 1 partitions (state.change.logger)
[2023-02-19 16:45:16,854] INFO [Broker id=1] Handling LeaderAndIsr request correlationId 13 from controller 1 for 1 partitions (state.change.logger)
[2023-02-19 16:45:16,854] INFO [Broker id=2] Handling LeaderAndIsr request correlationId 9 from controller 1 for 1 partitions (state.change.logger)
[2023-02-19 16:45:16,854] INFO [Broker id=2] Follower customer_topic-1 starts at leader epoch 5 from offset 0 with partition epoch 6 and high watermark 0. Current leader is 1. Previous leader epoch was 4. (state.change.logger)
[2023-02-19 16:45:16,854] INFO [Broker id=1] Stopped fetchers as part of LeaderAndIsr request correlationId 13 from controller 1 epoch 3 as part of the become-leader transition for 1 partitions (state.change.logger)
[2023-02-19 16:45:16,855] INFO [Broker id=1] Leader customer_topic-1 with topic id Some(SKobTrCqThmGFicxmXHtKQ) starts at leader epoch 5 from offset 0 with partition epoch 6, high watermark 0, ISR [2,1], adding replicas [] and removing replicas []. Previous leader epoch was 4. (state.change.logger)
[2023-02-19 16:45:16,855] INFO [Broker id=2] Stopped fetchers as part of become-follower request from controller 1 epoch 3 with correlation id 9 for 1 partitions (state.change.logger)
[2023-02-19 16:45:16,859] INFO [Broker id=2] Finished LeaderAndIsr request in 5ms correlationId 9 from controller 1 for 1 partitions (state.change.logger)
[2023-02-19 16:45:16,861] INFO [Broker id=2] Add 1 partitions and deleted 0 partitions from metadata cache in response to UpdateMetadata request sent by controller 1 epoch 3 with correlation id 10 (state.change.logger)
[2023-02-19 16:45:16,864] INFO [Broker id=1] Finished LeaderAndIsr request in 10ms correlationId 13 from controller 1 for 1 partitions (state.change.logger)
[2023-02-19 16:45:16,865] INFO [Broker id=1] Add 1 partitions and deleted 0 partitions from metadata cache in response to UpdateMetadata request sent by controller 1 epoch 3 with correlation id 14 (state.change.logger)
[2023-02-19 16:47:55,476] INFO [Controller id=1 epoch=3] Changed partition __consumer_offsets-22 state from NonExistentPartition to NewPartition with assigned replicas 2 (state.change.logger)
[2023-02-19 16:47:55,476] INFO [Controller id=1 epoch=3] Changed partition __consumer_offsets-30 state from NonExistentPartition to NewPartition with assigned replicas 2 (state.change.logger)
[2023-02-19 16:47:55,476] INFO [Controller id=1 epoch=3] Changed partition __consumer_offsets-8 state from NonExistentPartition to NewPartition with assigned replicas 2 (state.change.logger)
[2023-02-19 16:47:55,476] INFO [Controller id=1 epoch=3] Changed partition __consumer_offsets-21 state from NonExistentPartition to NewPartition with assigned replicas 1 (state.change.logger)
[2023-02-19 16:47:55,477] INFO [Controller id=1 epoch=3] Changed partition __consumer_offsets-4 state from NonExistentPartition to NewPartition with assigned replicas 2 (state.change.logger)
[2023-02-19 16:47:55,477] INFO [Controller id=1 epoch=3] Changed partition __consumer_offsets-27 state from NonExistentPartition to NewPartition with assigned replicas 1 (state.change.logger)
[2023-02-19 16:47:55,477] INFO [Controller id=1 epoch=3] Changed partition __consumer_offsets-7 state from NonExistentPartition to NewPartition with assigned replicas 1 (state.change.logger)
[2023-02-19 16:47:55,477] INFO [Controller id=1 epoch=3] Changed partition __consumer_offsets-9 state from NonExistentPartition to NewPartition with assigned replicas 1 (state.change.logger)
[2023-02-19 16:47:55,477] INFO [Controller id=1 epoch=3] Changed partition __consumer_offsets-46 state from NonExistentPartition to NewPartition with assigned replicas 2 (state.change.logger)
[2023-02-19 16:47:55,477] INFO [Controller id=1 epoch=3] Changed partition __consumer_offsets-25 state from NonExistentPartition to NewPartition with assigned replicas 1 (state.change.logger)
[2023-02-19 16:47:55,477] INFO [Controller id=1 epoch=3] Changed partition __consumer_offsets-35 state from NonExistentPartition to NewPartition with assigned replicas 1 (state.change.logger)
[2023-02-19 16:47:55,477] INFO [Controller id=1 epoch=3] Changed partition __consumer_offsets-41 state from NonExistentPartition to NewPartition with assigned replicas 1 (state.change.logger)
[2023-02-19 16:47:55,477] INFO [Controller id=1 epoch=3] Changed partition __consumer_offsets-33 state from NonExistentPartition to NewPartition with assigned replicas 1 (state.change.logger)
[2023-02-19 16:47:55,477] INFO [Controller id=1 epoch=3] Changed partition __consumer_offsets-23 state from NonExistentPartition to NewPartition with assigned replicas 1 (state.change.logger)
[2023-02-19 16:47:55,477] INFO [Controller id=1 epoch=3] Changed partition __consumer_offsets-49 state from NonExistentPartition to NewPartition with assigned replicas 1 (state.change.logger)
[2023-02-19 16:47:55,477] INFO [Controller id=1 epoch=3] Changed partition __consumer_offsets-47 state from NonExistentPartition to NewPartition with assigned replicas 1 (state.change.logger)
[2023-02-19 16:47:55,477] INFO [Controller id=1 epoch=3] Changed partition __consumer_offsets-16 state from NonExistentPartition to NewPartition with assigned replicas 2 (state.change.logger)
[2023-02-19 16:47:55,477] INFO [Controller id=1 epoch=3] Changed partition __consumer_offsets-28 state from NonExistentPartition to NewPartition with assigned replicas 2 (state.change.logger)
[2023-02-19 16:47:55,477] INFO [Controller id=1 epoch=3] Changed partition __consumer_offsets-31 state from NonExistentPartition to NewPartition with assigned replicas 1 (state.change.logger)
[2023-02-19 16:47:55,477] INFO [Controller id=1 epoch=3] Changed partition __consumer_offsets-36 state from NonExistentPartition to NewPartition with assigned replicas 2 (state.change.logger)
[2023-02-19 16:47:55,477] INFO [Controller id=1 epoch=3] Changed partition __consumer_offsets-42 state from NonExistentPartition to NewPartition with assigned replicas 2 (state.change.logger)
[2023-02-19 16:47:55,477] INFO [Controller id=1 epoch=3] Changed partition __consumer_offsets-3 state from NonExistentPartition to NewPartition with assigned replicas 1 (state.change.logger)
[2023-02-19 16:47:55,477] INFO [Controller id=1 epoch=3] Changed partition __consumer_offsets-18 state from NonExistentPartition to NewPartition with assigned replicas 2 (state.change.logger)
[2023-02-19 16:47:55,477] INFO [Controller id=1 epoch=3] Changed partition __consumer_offsets-37 state from NonExistentPartition to NewPartition with assigned replicas 1 (state.change.logger)
[2023-02-19 16:47:55,477] INFO [Controller id=1 epoch=3] Changed partition __consumer_offsets-15 state from NonExistentPartition to NewPartition with assigned replicas 1 (state.change.logger)
[2023-02-19 16:47:55,477] INFO [Controller id=1 epoch=3] Changed partition __consumer_offsets-24 state from NonExistentPartition to NewPartition with assigned replicas 2 (state.change.logger)
[2023-02-19 16:47:55,477] INFO [Controller id=1 epoch=3] Changed partition __consumer_offsets-38 state from NonExistentPartition to NewPartition with assigned replicas 2 (state.change.logger)
[2023-02-19 16:47:55,477] INFO [Controller id=1 epoch=3] Changed partition __consumer_offsets-17 state from NonExistentPartition to NewPartition with assigned replicas 1 (state.change.logger)
[2023-02-19 16:47:55,477] INFO [Controller id=1 epoch=3] Changed partition __consumer_offsets-48 state from NonExistentPartition to NewPartition with assigned replicas 2 (state.change.logger)
[2023-02-19 16:47:55,477] INFO [Controller id=1 epoch=3] Changed partition __consumer_offsets-19 state from NonExistentPartition to NewPartition with assigned replicas 1 (state.change.logger)
[2023-02-19 16:47:55,477] INFO [Controller id=1 epoch=3] Changed partition __consumer_offsets-11 state from NonExistentPartition to NewPartition with assigned replicas 1 (state.change.logger)
[2023-02-19 16:47:55,477] INFO [Controller id=1 epoch=3] Changed partition __consumer_offsets-13 state from NonExistentPartition to NewPartition with assigned replicas 1 (state.change.logger)
[2023-02-19 16:47:55,477] INFO [Controller id=1 epoch=3] Changed partition __consumer_offsets-2 state from NonExistentPartition to NewPartition with assigned replicas 2 (state.change.logger)
[2023-02-19 16:47:55,477] INFO [Controller id=1 epoch=3] Changed partition __consumer_offsets-43 state from NonExistentPartition to NewPartition with assigned replicas 1 (state.change.logger)
[2023-02-19 16:47:55,477] INFO [Controller id=1 epoch=3] Changed partition __consumer_offsets-6 state from NonExistentPartition to NewPartition with assigned replicas 2 (state.change.logger)
[2023-02-19 16:47:55,477] INFO [Controller id=1 epoch=3] Changed partition __consumer_offsets-14 state from NonExistentPartition to NewPartition with assigned replicas 2 (state.change.logger)
[2023-02-19 16:47:55,477] INFO [Controller id=1 epoch=3] Changed partition __consumer_offsets-20 state from NonExistentPartition to NewPartition with assigned replicas 2 (state.change.logger)
[2023-02-19 16:47:55,477] INFO [Controller id=1 epoch=3] Changed partition __consumer_offsets-0 state from NonExistentPartition to NewPartition with assigned replicas 2 (state.change.logger)
[2023-02-19 16:47:55,477] INFO [Controller id=1 epoch=3] Changed partition __consumer_offsets-44 state from NonExistentPartition to NewPartition with assigned replicas 2 (state.change.logger)
[2023-02-19 16:47:55,477] INFO [Controller id=1 epoch=3] Changed partition __consumer_offsets-39 state from NonExistentPartition to NewPartition with assigned replicas 1 (state.change.logger)
[2023-02-19 16:47:55,477] INFO [Controller id=1 epoch=3] Changed partition __consumer_offsets-12 state from NonExistentPartition to NewPartition with assigned replicas 2 (state.change.logger)
[2023-02-19 16:47:55,477] INFO [Controller id=1 epoch=3] Changed partition __consumer_offsets-45 state from NonExistentPartition to NewPartition with assigned replicas 1 (state.change.logger)
[2023-02-19 16:47:55,477] INFO [Controller id=1 epoch=3] Changed partition __consumer_offsets-1 state from NonExistentPartition to NewPartition with assigned replicas 1 (state.change.logger)
[2023-02-19 16:47:55,477] INFO [Controller id=1 epoch=3] Changed partition __consumer_offsets-5 state from NonExistentPartition to NewPartition with assigned replicas 1 (state.change.logger)
[2023-02-19 16:47:55,478] INFO [Controller id=1 epoch=3] Changed partition __consumer_offsets-26 state from NonExistentPartition to NewPartition with assigned replicas 2 (state.change.logger)
[2023-02-19 16:47:55,478] INFO [Controller id=1 epoch=3] Changed partition __consumer_offsets-29 state from NonExistentPartition to NewPartition with assigned replicas 1 (state.change.logger)
[2023-02-19 16:47:55,478] INFO [Controller id=1 epoch=3] Changed partition __consumer_offsets-34 state from NonExistentPartition to NewPartition with assigned replicas 2 (state.change.logger)
[2023-02-19 16:47:55,478] INFO [Controller id=1 epoch=3] Changed partition __consumer_offsets-10 state from NonExistentPartition to NewPartition with assigned replicas 2 (state.change.logger)
[2023-02-19 16:47:55,478] INFO [Controller id=1 epoch=3] Changed partition __consumer_offsets-32 state from NonExistentPartition to NewPartition with assigned replicas 2 (state.change.logger)
[2023-02-19 16:47:55,478] INFO [Controller id=1 epoch=3] Changed partition __consumer_offsets-40 state from NonExistentPartition to NewPartition with assigned replicas 2 (state.change.logger)
[2023-02-19 16:47:55,478] INFO [Controller id=1 epoch=3] Sending UpdateMetadata request to brokers Set() for 0 partitions (state.change.logger)
[2023-02-19 16:47:55,478] INFO [Controller id=1 epoch=3] Sending UpdateMetadata request to brokers Set() for 0 partitions (state.change.logger)
[2023-02-19 16:47:55,586] INFO [Controller id=1 epoch=3] Changed partition __consumer_offsets-22 from NewPartition to OnlinePartition with state LeaderAndIsr(leader=2, leaderEpoch=0, isr=List(2), leaderRecoveryState=RECOVERED, partitionEpoch=0) (state.change.logger)
[2023-02-19 16:47:55,586] INFO [Controller id=1 epoch=3] Changed partition __consumer_offsets-30 from NewPartition to OnlinePartition with state LeaderAndIsr(leader=2, leaderEpoch=0, isr=List(2), leaderRecoveryState=RECOVERED, partitionEpoch=0) (state.change.logger)
[2023-02-19 16:47:55,586] INFO [Controller id=1 epoch=3] Changed partition __consumer_offsets-8 from NewPartition to OnlinePartition with state LeaderAndIsr(leader=2, leaderEpoch=0, isr=List(2), leaderRecoveryState=RECOVERED, partitionEpoch=0) (state.change.logger)
[2023-02-19 16:47:55,586] INFO [Controller id=1 epoch=3] Changed partition __consumer_offsets-21 from NewPartition to OnlinePartition with state LeaderAndIsr(leader=1, leaderEpoch=0, isr=List(1), leaderRecoveryState=RECOVERED, partitionEpoch=0) (state.change.logger)
[2023-02-19 16:47:55,586] INFO [Controller id=1 epoch=3] Changed partition __consumer_offsets-4 from NewPartition to OnlinePartition with state LeaderAndIsr(leader=2, leaderEpoch=0, isr=List(2), leaderRecoveryState=RECOVERED, partitionEpoch=0) (state.change.logger)
[2023-02-19 16:47:55,586] INFO [Controller id=1 epoch=3] Changed partition __consumer_offsets-27 from NewPartition to OnlinePartition with state LeaderAndIsr(leader=1, leaderEpoch=0, isr=List(1), leaderRecoveryState=RECOVERED, partitionEpoch=0) (state.change.logger)
[2023-02-19 16:47:55,586] INFO [Controller id=1 epoch=3] Changed partition __consumer_offsets-7 from NewPartition to OnlinePartition with state LeaderAndIsr(leader=1, leaderEpoch=0, isr=List(1), leaderRecoveryState=RECOVERED, partitionEpoch=0) (state.change.logger)
[2023-02-19 16:47:55,586] INFO [Controller id=1 epoch=3] Changed partition __consumer_offsets-9 from NewPartition to OnlinePartition with state LeaderAndIsr(leader=1, leaderEpoch=0, isr=List(1), leaderRecoveryState=RECOVERED, partitionEpoch=0) (state.change.logger)
[2023-02-19 16:47:55,586] INFO [Controller id=1 epoch=3] Changed partition __consumer_offsets-46 from NewPartition to OnlinePartition with state LeaderAndIsr(leader=2, leaderEpoch=0, isr=List(2), leaderRecoveryState=RECOVERED, partitionEpoch=0) (state.change.logger)
[2023-02-19 16:47:55,586] INFO [Controller id=1 epoch=3] Changed partition __consumer_offsets-25 from NewPartition to OnlinePartition with state LeaderAndIsr(leader=1, leaderEpoch=0, isr=List(1), leaderRecoveryState=RECOVERED, partitionEpoch=0) (state.change.logger)
[2023-02-19 16:47:55,586] INFO [Controller id=1 epoch=3] Changed partition __consumer_offsets-35 from NewPartition to OnlinePartition with state LeaderAndIsr(leader=1, leaderEpoch=0, isr=List(1), leaderRecoveryState=RECOVERED, partitionEpoch=0) (state.change.logger)
[2023-02-19 16:47:55,586] INFO [Controller id=1 epoch=3] Changed partition __consumer_offsets-41 from NewPartition to OnlinePartition with state LeaderAndIsr(leader=1, leaderEpoch=0, isr=List(1), leaderRecoveryState=RECOVERED, partitionEpoch=0) (state.change.logger)
[2023-02-19 16:47:55,586] INFO [Controller id=1 epoch=3] Changed partition __consumer_offsets-33 from NewPartition to OnlinePartition with state LeaderAndIsr(leader=1, leaderEpoch=0, isr=List(1), leaderRecoveryState=RECOVERED, partitionEpoch=0) (state.change.logger)
[2023-02-19 16:47:55,586] INFO [Controller id=1 epoch=3] Changed partition __consumer_offsets-23 from NewPartition to OnlinePartition with state LeaderAndIsr(leader=1, leaderEpoch=0, isr=List(1), leaderRecoveryState=RECOVERED, partitionEpoch=0) (state.change.logger)
[2023-02-19 16:47:55,586] INFO [Controller id=1 epoch=3] Changed partition __consumer_offsets-49 from NewPartition to OnlinePartition with state LeaderAndIsr(leader=1, leaderEpoch=0, isr=List(1), leaderRecoveryState=RECOVERED, partitionEpoch=0) (state.change.logger)
[2023-02-19 16:47:55,586] INFO [Controller id=1 epoch=3] Changed partition __consumer_offsets-47 from NewPartition to OnlinePartition with state LeaderAndIsr(leader=1, leaderEpoch=0, isr=List(1), leaderRecoveryState=RECOVERED, partitionEpoch=0) (state.change.logger)
[2023-02-19 16:47:55,586] INFO [Controller id=1 epoch=3] Changed partition __consumer_offsets-16 from NewPartition to OnlinePartition with state LeaderAndIsr(leader=2, leaderEpoch=0, isr=List(2), leaderRecoveryState=RECOVERED, partitionEpoch=0) (state.change.logger)
[2023-02-19 16:47:55,586] INFO [Controller id=1 epoch=3] Changed partition __consumer_offsets-28 from NewPartition to OnlinePartition with state LeaderAndIsr(leader=2, leaderEpoch=0, isr=List(2), leaderRecoveryState=RECOVERED, partitionEpoch=0) (state.change.logger)
[2023-02-19 16:47:55,586] INFO [Controller id=1 epoch=3] Changed partition __consumer_offsets-31 from NewPartition to OnlinePartition with state LeaderAndIsr(leader=1, leaderEpoch=0, isr=List(1), leaderRecoveryState=RECOVERED, partitionEpoch=0) (state.change.logger)
[2023-02-19 16:47:55,586] INFO [Controller id=1 epoch=3] Changed partition __consumer_offsets-36 from NewPartition to OnlinePartition with state LeaderAndIsr(leader=2, leaderEpoch=0, isr=List(2), leaderRecoveryState=RECOVERED, partitionEpoch=0) (state.change.logger)
[2023-02-19 16:47:55,586] INFO [Controller id=1 epoch=3] Changed partition __consumer_offsets-42 from NewPartition to OnlinePartition with state LeaderAndIsr(leader=2, leaderEpoch=0, isr=List(2), leaderRecoveryState=RECOVERED, partitionEpoch=0) (state.change.logger)
[2023-02-19 16:47:55,586] INFO [Controller id=1 epoch=3] Changed partition __consumer_offsets-3 from NewPartition to OnlinePartition with state LeaderAndIsr(leader=1, leaderEpoch=0, isr=List(1), leaderRecoveryState=RECOVERED, partitionEpoch=0) (state.change.logger)
[2023-02-19 16:47:55,586] INFO [Controller id=1 epoch=3] Changed partition __consumer_offsets-18 from NewPartition to OnlinePartition with state LeaderAndIsr(leader=2, leaderEpoch=0, isr=List(2), leaderRecoveryState=RECOVERED, partitionEpoch=0) (state.change.logger)
[2023-02-19 16:47:55,586] INFO [Controller id=1 epoch=3] Changed partition __consumer_offsets-37 from NewPartition to OnlinePartition with state LeaderAndIsr(leader=1, leaderEpoch=0, isr=List(1), leaderRecoveryState=RECOVERED, partitionEpoch=0) (state.change.logger)
[2023-02-19 16:47:55,586] INFO [Controller id=1 epoch=3] Changed partition __consumer_offsets-15 from NewPartition to OnlinePartition with state LeaderAndIsr(leader=1, leaderEpoch=0, isr=List(1), leaderRecoveryState=RECOVERED, partitionEpoch=0) (state.change.logger)
[2023-02-19 16:47:55,586] INFO [Controller id=1 epoch=3] Changed partition __consumer_offsets-24 from NewPartition to OnlinePartition with state LeaderAndIsr(leader=2, leaderEpoch=0, isr=List(2), leaderRecoveryState=RECOVERED, partitionEpoch=0) (state.change.logger)
[2023-02-19 16:47:55,586] INFO [Controller id=1 epoch=3] Changed partition __consumer_offsets-38 from NewPartition to OnlinePartition with state LeaderAndIsr(leader=2, leaderEpoch=0, isr=List(2), leaderRecoveryState=RECOVERED, partitionEpoch=0) (state.change.logger)
[2023-02-19 16:47:55,586] INFO [Controller id=1 epoch=3] Changed partition __consumer_offsets-17 from NewPartition to OnlinePartition with state LeaderAndIsr(leader=1, leaderEpoch=0, isr=List(1), leaderRecoveryState=RECOVERED, partitionEpoch=0) (state.change.logger)
[2023-02-19 16:47:55,586] INFO [Controller id=1 epoch=3] Changed partition __consumer_offsets-48 from NewPartition to OnlinePartition with state LeaderAndIsr(leader=2, leaderEpoch=0, isr=List(2), leaderRecoveryState=RECOVERED, partitionEpoch=0) (state.change.logger)
[2023-02-19 16:47:55,586] INFO [Controller id=1 epoch=3] Changed partition __consumer_offsets-19 from NewPartition to OnlinePartition with state LeaderAndIsr(leader=1, leaderEpoch=0, isr=List(1), leaderRecoveryState=RECOVERED, partitionEpoch=0) (state.change.logger)
[2023-02-19 16:47:55,586] INFO [Controller id=1 epoch=3] Changed partition __consumer_offsets-11 from NewPartition to OnlinePartition with state LeaderAndIsr(leader=1, leaderEpoch=0, isr=List(1), leaderRecoveryState=RECOVERED, partitionEpoch=0) (state.change.logger)
[2023-02-19 16:47:55,586] INFO [Controller id=1 epoch=3] Changed partition __consumer_offsets-13 from NewPartition to OnlinePartition with state LeaderAndIsr(leader=1, leaderEpoch=0, isr=List(1), leaderRecoveryState=RECOVERED, partitionEpoch=0) (state.change.logger)
[2023-02-19 16:47:55,586] INFO [Controller id=1 epoch=3] Changed partition __consumer_offsets-2 from NewPartition to OnlinePartition with state LeaderAndIsr(leader=2, leaderEpoch=0, isr=List(2), leaderRecoveryState=RECOVERED, partitionEpoch=0) (state.change.logger)
[2023-02-19 16:47:55,586] INFO [Controller id=1 epoch=3] Changed partition __consumer_offsets-43 from NewPartition to OnlinePartition with state LeaderAndIsr(leader=1, leaderEpoch=0, isr=List(1), leaderRecoveryState=RECOVERED, partitionEpoch=0) (state.change.logger)
[2023-02-19 16:47:55,586] INFO [Controller id=1 epoch=3] Changed partition __consumer_offsets-6 from NewPartition to OnlinePartition with state LeaderAndIsr(leader=2, leaderEpoch=0, isr=List(2), leaderRecoveryState=RECOVERED, partitionEpoch=0) (state.change.logger)
[2023-02-19 16:47:55,586] INFO [Controller id=1 epoch=3] Changed partition __consumer_offsets-14 from NewPartition to OnlinePartition with state LeaderAndIsr(leader=2, leaderEpoch=0, isr=List(2), leaderRecoveryState=RECOVERED, partitionEpoch=0) (state.change.logger)
[2023-02-19 16:47:55,586] INFO [Controller id=1 epoch=3] Changed partition __consumer_offsets-20 from NewPartition to OnlinePartition with state LeaderAndIsr(leader=2, leaderEpoch=0, isr=List(2), leaderRecoveryState=RECOVERED, partitionEpoch=0) (state.change.logger)
[2023-02-19 16:47:55,586] INFO [Controller id=1 epoch=3] Changed partition __consumer_offsets-0 from NewPartition to OnlinePartition with state LeaderAndIsr(leader=2, leaderEpoch=0, isr=List(2), leaderRecoveryState=RECOVERED, partitionEpoch=0) (state.change.logger)
[2023-02-19 16:47:55,586] INFO [Controller id=1 epoch=3] Changed partition __consumer_offsets-44 from NewPartition to OnlinePartition with state LeaderAndIsr(leader=2, leaderEpoch=0, isr=List(2), leaderRecoveryState=RECOVERED, partitionEpoch=0) (state.change.logger)
[2023-02-19 16:47:55,586] INFO [Controller id=1 epoch=3] Changed partition __consumer_offsets-39 from NewPartition to OnlinePartition with state LeaderAndIsr(leader=1, leaderEpoch=0, isr=List(1), leaderRecoveryState=RECOVERED, partitionEpoch=0) (state.change.logger)
[2023-02-19 16:47:55,587] INFO [Controller id=1 epoch=3] Changed partition __consumer_offsets-12 from NewPartition to OnlinePartition with state LeaderAndIsr(leader=2, leaderEpoch=0, isr=List(2), leaderRecoveryState=RECOVERED, partitionEpoch=0) (state.change.logger)
[2023-02-19 16:47:55,587] INFO [Controller id=1 epoch=3] Changed partition __consumer_offsets-45 from NewPartition to OnlinePartition with state LeaderAndIsr(leader=1, leaderEpoch=0, isr=List(1), leaderRecoveryState=RECOVERED, partitionEpoch=0) (state.change.logger)
[2023-02-19 16:47:55,587] INFO [Controller id=1 epoch=3] Changed partition __consumer_offsets-1 from NewPartition to OnlinePartition with state LeaderAndIsr(leader=1, leaderEpoch=0, isr=List(1), leaderRecoveryState=RECOVERED, partitionEpoch=0) (state.change.logger)
[2023-02-19 16:47:55,587] INFO [Controller id=1 epoch=3] Changed partition __consumer_offsets-5 from NewPartition to OnlinePartition with state LeaderAndIsr(leader=1, leaderEpoch=0, isr=List(1), leaderRecoveryState=RECOVERED, partitionEpoch=0) (state.change.logger)
[2023-02-19 16:47:55,587] INFO [Controller id=1 epoch=3] Changed partition __consumer_offsets-26 from NewPartition to OnlinePartition with state LeaderAndIsr(leader=2, leaderEpoch=0, isr=List(2), leaderRecoveryState=RECOVERED, partitionEpoch=0) (state.change.logger)
[2023-02-19 16:47:55,587] INFO [Controller id=1 epoch=3] Changed partition __consumer_offsets-29 from NewPartition to OnlinePartition with state LeaderAndIsr(leader=1, leaderEpoch=0, isr=List(1), leaderRecoveryState=RECOVERED, partitionEpoch=0) (state.change.logger)
[2023-02-19 16:47:55,587] INFO [Controller id=1 epoch=3] Changed partition __consumer_offsets-34 from NewPartition to OnlinePartition with state LeaderAndIsr(leader=2, leaderEpoch=0, isr=List(2), leaderRecoveryState=RECOVERED, partitionEpoch=0) (state.change.logger)
[2023-02-19 16:47:55,587] INFO [Controller id=1 epoch=3] Changed partition __consumer_offsets-10 from NewPartition to OnlinePartition with state LeaderAndIsr(leader=2, leaderEpoch=0, isr=List(2), leaderRecoveryState=RECOVERED, partitionEpoch=0) (state.change.logger)
[2023-02-19 16:47:55,587] INFO [Controller id=1 epoch=3] Changed partition __consumer_offsets-32 from NewPartition to OnlinePartition with state LeaderAndIsr(leader=2, leaderEpoch=0, isr=List(2), leaderRecoveryState=RECOVERED, partitionEpoch=0) (state.change.logger)
[2023-02-19 16:47:55,587] INFO [Controller id=1 epoch=3] Changed partition __consumer_offsets-40 from NewPartition to OnlinePartition with state LeaderAndIsr(leader=2, leaderEpoch=0, isr=List(2), leaderRecoveryState=RECOVERED, partitionEpoch=0) (state.change.logger)
[2023-02-19 16:47:55,587] INFO [Controller id=1 epoch=3] Sending LeaderAndIsr request to broker 2 with 25 become-leader and 0 become-follower partitions (state.change.logger)
[2023-02-19 16:47:55,587] INFO [Controller id=1 epoch=3] Sending LeaderAndIsr request to broker 1 with 25 become-leader and 0 become-follower partitions (state.change.logger)
[2023-02-19 16:47:55,587] INFO [Controller id=1 epoch=3] Sending UpdateMetadata request to brokers Set(1, 2) for 50 partitions (state.change.logger)
[2023-02-19 16:47:55,588] INFO [Broker id=2] Handling LeaderAndIsr request correlationId 11 from controller 1 for 25 partitions (state.change.logger)
[2023-02-19 16:47:55,588] INFO [Broker id=1] Handling LeaderAndIsr request correlationId 15 from controller 1 for 25 partitions (state.change.logger)
[2023-02-19 16:47:55,589] INFO [Controller id=1 epoch=3] Sending UpdateMetadata request to brokers Set() for 0 partitions (state.change.logger)
[2023-02-19 16:47:55,598] INFO [Broker id=1] Stopped fetchers as part of LeaderAndIsr request correlationId 15 from controller 1 epoch 3 as part of the become-leader transition for 25 partitions (state.change.logger)
[2023-02-19 16:47:55,599] INFO [Broker id=2] Stopped fetchers as part of LeaderAndIsr request correlationId 11 from controller 1 epoch 3 as part of the become-leader transition for 25 partitions (state.change.logger)
[2023-02-19 16:47:55,610] INFO [Broker id=1] Leader __consumer_offsets-29 with topic id Some(lx9XMe42Qs2ybvJLOyUCjQ) starts at leader epoch 0 from offset 0 with partition epoch 0, high watermark 0, ISR [1], adding replicas [] and removing replicas []. Previous leader epoch was -1. (state.change.logger)
[2023-02-19 16:47:55,618] INFO [Broker id=2] Leader __consumer_offsets-0 with topic id Some(lx9XMe42Qs2ybvJLOyUCjQ) starts at leader epoch 0 from offset 0 with partition epoch 0, high watermark 0, ISR [2], adding replicas [] and removing replicas []. Previous leader epoch was -1. (state.change.logger)
[2023-02-19 16:47:55,654] INFO [Broker id=1] Leader __consumer_offsets-45 with topic id Some(lx9XMe42Qs2ybvJLOyUCjQ) starts at leader epoch 0 from offset 0 with partition epoch 0, high watermark 0, ISR [1], adding replicas [] and removing replicas []. Previous leader epoch was -1. (state.change.logger)
[2023-02-19 16:47:55,669] INFO [Broker id=2] Leader __consumer_offsets-48 with topic id Some(lx9XMe42Qs2ybvJLOyUCjQ) starts at leader epoch 0 from offset 0 with partition epoch 0, high watermark 0, ISR [2], adding replicas [] and removing replicas []. Previous leader epoch was -1. (state.change.logger)
[2023-02-19 16:47:55,677] INFO [Broker id=1] Leader __consumer_offsets-7 with topic id Some(lx9XMe42Qs2ybvJLOyUCjQ) starts at leader epoch 0 from offset 0 with partition epoch 0, high watermark 0, ISR [1], adding replicas [] and removing replicas []. Previous leader epoch was -1. (state.change.logger)
[2023-02-19 16:47:55,708] INFO [Broker id=2] Leader __consumer_offsets-10 with topic id Some(lx9XMe42Qs2ybvJLOyUCjQ) starts at leader epoch 0 from offset 0 with partition epoch 0, high watermark 0, ISR [2], adding replicas [] and removing replicas []. Previous leader epoch was -1. (state.change.logger)
[2023-02-19 16:47:55,714] INFO [Broker id=1] Leader __consumer_offsets-23 with topic id Some(lx9XMe42Qs2ybvJLOyUCjQ) starts at leader epoch 0 from offset 0 with partition epoch 0, high watermark 0, ISR [1], adding replicas [] and removing replicas []. Previous leader epoch was -1. (state.change.logger)
[2023-02-19 16:47:55,752] INFO [Broker id=2] Leader __consumer_offsets-26 with topic id Some(lx9XMe42Qs2ybvJLOyUCjQ) starts at leader epoch 0 from offset 0 with partition epoch 0, high watermark 0, ISR [2], adding replicas [] and removing replicas []. Previous leader epoch was -1. (state.change.logger)
[2023-02-19 16:47:55,768] INFO [Broker id=1] Leader __consumer_offsets-1 with topic id Some(lx9XMe42Qs2ybvJLOyUCjQ) starts at leader epoch 0 from offset 0 with partition epoch 0, high watermark 0, ISR [1], adding replicas [] and removing replicas []. Previous leader epoch was -1. (state.change.logger)
[2023-02-19 16:47:55,793] INFO [Broker id=2] Leader __consumer_offsets-42 with topic id Some(lx9XMe42Qs2ybvJLOyUCjQ) starts at leader epoch 0 from offset 0 with partition epoch 0, high watermark 0, ISR [2], adding replicas [] and removing replicas []. Previous leader epoch was -1. (state.change.logger)
[2023-02-19 16:47:55,809] INFO [Broker id=1] Leader __consumer_offsets-39 with topic id Some(lx9XMe42Qs2ybvJLOyUCjQ) starts at leader epoch 0 from offset 0 with partition epoch 0, high watermark 0, ISR [1], adding replicas [] and removing replicas []. Previous leader epoch was -1. (state.change.logger)
[2023-02-19 16:47:55,833] INFO [Broker id=2] Leader __consumer_offsets-4 with topic id Some(lx9XMe42Qs2ybvJLOyUCjQ) starts at leader epoch 0 from offset 0 with partition epoch 0, high watermark 0, ISR [2], adding replicas [] and removing replicas []. Previous leader epoch was -1. (state.change.logger)
[2023-02-19 16:47:55,840] INFO [Broker id=1] Leader __consumer_offsets-17 with topic id Some(lx9XMe42Qs2ybvJLOyUCjQ) starts at leader epoch 0 from offset 0 with partition epoch 0, high watermark 0, ISR [1], adding replicas [] and removing replicas []. Previous leader epoch was -1. (state.change.logger)
[2023-02-19 16:47:55,873] INFO [Broker id=2] Leader __consumer_offsets-20 with topic id Some(lx9XMe42Qs2ybvJLOyUCjQ) starts at leader epoch 0 from offset 0 with partition epoch 0, high watermark 0, ISR [2], adding replicas [] and removing replicas []. Previous leader epoch was -1. (state.change.logger)
[2023-02-19 16:47:55,885] INFO [Broker id=1] Leader __consumer_offsets-33 with topic id Some(lx9XMe42Qs2ybvJLOyUCjQ) starts at leader epoch 0 from offset 0 with partition epoch 0, high watermark 0, ISR [1], adding replicas [] and removing replicas []. Previous leader epoch was -1. (state.change.logger)
[2023-02-19 16:47:55,913] INFO [Broker id=2] Leader __consumer_offsets-36 with topic id Some(lx9XMe42Qs2ybvJLOyUCjQ) starts at leader epoch 0 from offset 0 with partition epoch 0, high watermark 0, ISR [2], adding replicas [] and removing replicas []. Previous leader epoch was -1. (state.change.logger)
[2023-02-19 16:47:55,929] INFO [Broker id=1] Leader __consumer_offsets-49 with topic id Some(lx9XMe42Qs2ybvJLOyUCjQ) starts at leader epoch 0 from offset 0 with partition epoch 0, high watermark 0, ISR [1], adding replicas [] and removing replicas []. Previous leader epoch was -1. (state.change.logger)
[2023-02-19 16:47:55,954] INFO [Broker id=2] Leader __consumer_offsets-14 with topic id Some(lx9XMe42Qs2ybvJLOyUCjQ) starts at leader epoch 0 from offset 0 with partition epoch 0, high watermark 0, ISR [2], adding replicas [] and removing replicas []. Previous leader epoch was -1. (state.change.logger)
[2023-02-19 16:47:55,966] INFO [Broker id=1] Leader __consumer_offsets-11 with topic id Some(lx9XMe42Qs2ybvJLOyUCjQ) starts at leader epoch 0 from offset 0 with partition epoch 0, high watermark 0, ISR [1], adding replicas [] and removing replicas []. Previous leader epoch was -1. (state.change.logger)
[2023-02-19 16:47:55,995] INFO [Broker id=2] Leader __consumer_offsets-30 with topic id Some(lx9XMe42Qs2ybvJLOyUCjQ) starts at leader epoch 0 from offset 0 with partition epoch 0, high watermark 0, ISR [2], adding replicas [] and removing replicas []. Previous leader epoch was -1. (state.change.logger)
[2023-02-19 16:47:56,011] INFO [Broker id=1] Leader __consumer_offsets-27 with topic id Some(lx9XMe42Qs2ybvJLOyUCjQ) starts at leader epoch 0 from offset 0 with partition epoch 0, high watermark 0, ISR [1], adding replicas [] and removing replicas []. Previous leader epoch was -1. (state.change.logger)
[2023-02-19 16:47:56,035] INFO [Broker id=2] Leader __consumer_offsets-46 with topic id Some(lx9XMe42Qs2ybvJLOyUCjQ) starts at leader epoch 0 from offset 0 with partition epoch 0, high watermark 0, ISR [2], adding replicas [] and removing replicas []. Previous leader epoch was -1. (state.change.logger)
[2023-02-19 16:47:56,037] INFO [Broker id=1] Leader __consumer_offsets-43 with topic id Some(lx9XMe42Qs2ybvJLOyUCjQ) starts at leader epoch 0 from offset 0 with partition epoch 0, high watermark 0, ISR [1], adding replicas [] and removing replicas []. Previous leader epoch was -1. (state.change.logger)
[2023-02-19 16:47:56,074] INFO [Broker id=2] Leader __consumer_offsets-8 with topic id Some(lx9XMe42Qs2ybvJLOyUCjQ) starts at leader epoch 0 from offset 0 with partition epoch 0, high watermark 0, ISR [2], adding replicas [] and removing replicas []. Previous leader epoch was -1. (state.change.logger)
[2023-02-19 16:47:56,090] INFO [Broker id=1] Leader __consumer_offsets-5 with topic id Some(lx9XMe42Qs2ybvJLOyUCjQ) starts at leader epoch 0 from offset 0 with partition epoch 0, high watermark 0, ISR [1], adding replicas [] and removing replicas []. Previous leader epoch was -1. (state.change.logger)
[2023-02-19 16:47:56,114] INFO [Broker id=2] Leader __consumer_offsets-24 with topic id Some(lx9XMe42Qs2ybvJLOyUCjQ) starts at leader epoch 0 from offset 0 with partition epoch 0, high watermark 0, ISR [2], adding replicas [] and removing replicas []. Previous leader epoch was -1. (state.change.logger)
[2023-02-19 16:47:56,130] INFO [Broker id=1] Leader __consumer_offsets-21 with topic id Some(lx9XMe42Qs2ybvJLOyUCjQ) starts at leader epoch 0 from offset 0 with partition epoch 0, high watermark 0, ISR [1], adding replicas [] and removing replicas []. Previous leader epoch was -1. (state.change.logger)
[2023-02-19 16:47:56,154] INFO [Broker id=2] Leader __consumer_offsets-40 with topic id Some(lx9XMe42Qs2ybvJLOyUCjQ) starts at leader epoch 0 from offset 0 with partition epoch 0, high watermark 0, ISR [2], adding replicas [] and removing replicas []. Previous leader epoch was -1. (state.change.logger)
[2023-02-19 16:47:56,161] INFO [Broker id=1] Leader __consumer_offsets-37 with topic id Some(lx9XMe42Qs2ybvJLOyUCjQ) starts at leader epoch 0 from offset 0 with partition epoch 0, high watermark 0, ISR [1], adding replicas [] and removing replicas []. Previous leader epoch was -1. (state.change.logger)
[2023-02-19 16:47:56,196] INFO [Broker id=2] Leader __consumer_offsets-2 with topic id Some(lx9XMe42Qs2ybvJLOyUCjQ) starts at leader epoch 0 from offset 0 with partition epoch 0, high watermark 0, ISR [2], adding replicas [] and removing replicas []. Previous leader epoch was -1. (state.change.logger)
[2023-02-19 16:47:56,202] INFO [Broker id=1] Leader __consumer_offsets-15 with topic id Some(lx9XMe42Qs2ybvJLOyUCjQ) starts at leader epoch 0 from offset 0 with partition epoch 0, high watermark 0, ISR [1], adding replicas [] and removing replicas []. Previous leader epoch was -1. (state.change.logger)
[2023-02-19 16:47:56,234] INFO [Broker id=2] Leader __consumer_offsets-18 with topic id Some(lx9XMe42Qs2ybvJLOyUCjQ) starts at leader epoch 0 from offset 0 with partition epoch 0, high watermark 0, ISR [2], adding replicas [] and removing replicas []. Previous leader epoch was -1. (state.change.logger)
[2023-02-19 16:47:56,246] INFO [Broker id=1] Leader __consumer_offsets-31 with topic id Some(lx9XMe42Qs2ybvJLOyUCjQ) starts at leader epoch 0 from offset 0 with partition epoch 0, high watermark 0, ISR [1], adding replicas [] and removing replicas []. Previous leader epoch was -1. (state.change.logger)
[2023-02-19 16:47:56,276] INFO [Broker id=2] Leader __consumer_offsets-34 with topic id Some(lx9XMe42Qs2ybvJLOyUCjQ) starts at leader epoch 0 from offset 0 with partition epoch 0, high watermark 0, ISR [2], adding replicas [] and removing replicas []. Previous leader epoch was -1. (state.change.logger)
[2023-02-19 16:47:56,287] INFO [Broker id=1] Leader __consumer_offsets-9 with topic id Some(lx9XMe42Qs2ybvJLOyUCjQ) starts at leader epoch 0 from offset 0 with partition epoch 0, high watermark 0, ISR [1], adding replicas [] and removing replicas []. Previous leader epoch was -1. (state.change.logger)
[2023-02-19 16:47:56,315] INFO [Broker id=2] Leader __consumer_offsets-12 with topic id Some(lx9XMe42Qs2ybvJLOyUCjQ) starts at leader epoch 0 from offset 0 with partition epoch 0, high watermark 0, ISR [2], adding replicas [] and removing replicas []. Previous leader epoch was -1. (state.change.logger)
[2023-02-19 16:47:56,321] INFO [Broker id=1] Leader __consumer_offsets-47 with topic id Some(lx9XMe42Qs2ybvJLOyUCjQ) starts at leader epoch 0 from offset 0 with partition epoch 0, high watermark 0, ISR [1], adding replicas [] and removing replicas []. Previous leader epoch was -1. (state.change.logger)
[2023-02-19 16:47:56,355] INFO [Broker id=2] Leader __consumer_offsets-28 with topic id Some(lx9XMe42Qs2ybvJLOyUCjQ) starts at leader epoch 0 from offset 0 with partition epoch 0, high watermark 0, ISR [2], adding replicas [] and removing replicas []. Previous leader epoch was -1. (state.change.logger)
[2023-02-19 16:47:56,370] INFO [Broker id=1] Leader __consumer_offsets-19 with topic id Some(lx9XMe42Qs2ybvJLOyUCjQ) starts at leader epoch 0 from offset 0 with partition epoch 0, high watermark 0, ISR [1], adding replicas [] and removing replicas []. Previous leader epoch was -1. (state.change.logger)
[2023-02-19 16:47:56,395] INFO [Broker id=2] Leader __consumer_offsets-38 with topic id Some(lx9XMe42Qs2ybvJLOyUCjQ) starts at leader epoch 0 from offset 0 with partition epoch 0, high watermark 0, ISR [2], adding replicas [] and removing replicas []. Previous leader epoch was -1. (state.change.logger)
[2023-02-19 16:47:56,411] INFO [Broker id=1] Leader __consumer_offsets-35 with topic id Some(lx9XMe42Qs2ybvJLOyUCjQ) starts at leader epoch 0 from offset 0 with partition epoch 0, high watermark 0, ISR [1], adding replicas [] and removing replicas []. Previous leader epoch was -1. (state.change.logger)
[2023-02-19 16:47:56,435] INFO [Broker id=2] Leader __consumer_offsets-6 with topic id Some(lx9XMe42Qs2ybvJLOyUCjQ) starts at leader epoch 0 from offset 0 with partition epoch 0, high watermark 0, ISR [2], adding replicas [] and removing replicas []. Previous leader epoch was -1. (state.change.logger)
[2023-02-19 16:47:56,452] INFO [Broker id=1] Leader __consumer_offsets-25 with topic id Some(lx9XMe42Qs2ybvJLOyUCjQ) starts at leader epoch 0 from offset 0 with partition epoch 0, high watermark 0, ISR [1], adding replicas [] and removing replicas []. Previous leader epoch was -1. (state.change.logger)
[2023-02-19 16:47:56,476] INFO [Broker id=2] Leader __consumer_offsets-44 with topic id Some(lx9XMe42Qs2ybvJLOyUCjQ) starts at leader epoch 0 from offset 0 with partition epoch 0, high watermark 0, ISR [2], adding replicas [] and removing replicas []. Previous leader epoch was -1. (state.change.logger)
[2023-02-19 16:47:56,478] INFO [Broker id=1] Leader __consumer_offsets-41 with topic id Some(lx9XMe42Qs2ybvJLOyUCjQ) starts at leader epoch 0 from offset 0 with partition epoch 0, high watermark 0, ISR [1], adding replicas [] and removing replicas []. Previous leader epoch was -1. (state.change.logger)
[2023-02-19 16:47:56,517] INFO [Broker id=2] Leader __consumer_offsets-16 with topic id Some(lx9XMe42Qs2ybvJLOyUCjQ) starts at leader epoch 0 from offset 0 with partition epoch 0, high watermark 0, ISR [2], adding replicas [] and removing replicas []. Previous leader epoch was -1. (state.change.logger)
[2023-02-19 16:47:56,523] INFO [Broker id=1] Leader __consumer_offsets-3 with topic id Some(lx9XMe42Qs2ybvJLOyUCjQ) starts at leader epoch 0 from offset 0 with partition epoch 0, high watermark 0, ISR [1], adding replicas [] and removing replicas []. Previous leader epoch was -1. (state.change.logger)
[2023-02-19 16:47:56,558] INFO [Broker id=2] Leader __consumer_offsets-22 with topic id Some(lx9XMe42Qs2ybvJLOyUCjQ) starts at leader epoch 0 from offset 0 with partition epoch 0, high watermark 0, ISR [2], adding replicas [] and removing replicas []. Previous leader epoch was -1. (state.change.logger)
[2023-02-19 16:47:56,570] INFO [Broker id=1] Leader __consumer_offsets-13 with topic id Some(lx9XMe42Qs2ybvJLOyUCjQ) starts at leader epoch 0 from offset 0 with partition epoch 0, high watermark 0, ISR [1], adding replicas [] and removing replicas []. Previous leader epoch was -1. (state.change.logger)
[2023-02-19 16:47:56,597] INFO [Broker id=2] Leader __consumer_offsets-32 with topic id Some(lx9XMe42Qs2ybvJLOyUCjQ) starts at leader epoch 0 from offset 0 with partition epoch 0, high watermark 0, ISR [2], adding replicas [] and removing replicas []. Previous leader epoch was -1. (state.change.logger)
[2023-02-19 16:47:56,603] INFO [Broker id=1] Finished LeaderAndIsr request in 1015ms correlationId 15 from controller 1 for 25 partitions (state.change.logger)
[2023-02-19 16:47:56,604] INFO [Broker id=1] Add 50 partitions and deleted 0 partitions from metadata cache in response to UpdateMetadata request sent by controller 1 epoch 3 with correlation id 16 (state.change.logger)
[2023-02-19 16:47:56,627] INFO [Broker id=2] Finished LeaderAndIsr request in 1039ms correlationId 11 from controller 1 for 25 partitions (state.change.logger)
[2023-02-19 16:47:56,628] INFO [Broker id=2] Add 50 partitions and deleted 0 partitions from metadata cache in response to UpdateMetadata request sent by controller 1 epoch 3 with correlation id 12 (state.change.logger)
